<?xml version="1.0" encoding="UTF-8"?>
<!-- Generated by org.testng.reporters.JUnitReportReporter -->
<testsuite hostname="DESKTOP-2AMH4DH" failures="0" tests="1" name="TestNg_Day4.Task_Amazon" time="4.811" errors="0" timestamp="2024-02-15T16:14:53 IST" skipped="0">
  <testcase classname="TestNg_Day4.Task_Amazon" name="launch" time="4.811"/>
</testsuite> <!-- TestNg_Day4.Task_Amazon -->
