<?xml version="1.0" encoding="UTF-8"?>
<!-- Generated by org.testng.reporters.JUnitReportReporter -->
<testsuite hostname="DESKTOP-2AMH4DH" failures="0" tests="1" name="TestNg_Task.Cyclos" time="10.946" errors="0" timestamp="2024-02-26T10:13:17 IST" skipped="0">
  <testcase classname="TestNg_Task.Cyclos" name="login" time="10.946"/>
</testsuite> <!-- TestNg_Task.Cyclos -->
