<?xml version="1.0" encoding="UTF-8"?>
<!-- Generated by org.testng.reporters.JUnitReportReporter -->
<testsuite hostname="DESKTOP-2AMH4DH" failures="0" tests="2" name="TestNg_Day3.Class2" time="0.012" errors="0" timestamp="2024-02-15T15:10:55 IST" skipped="0">
  <testcase classname="TestNg_Day3.Class2" name="search" time="0.009"/>
  <testcase classname="TestNg_Day3.Class2" name="addproduct" time="0.003"/>
</testsuite> <!-- TestNg_Day3.Class2 -->
