<?xml version="1.0" encoding="UTF-8"?>
<!-- Generated by org.testng.reporters.JUnitReportReporter -->
<testsuite hostname="DESKTOP-2AMH4DH" failures="0" tests="4" name="TestNg.OrangeHrm_1" time="14.418" errors="0" timestamp="2024-02-07T22:21:40 IST" skipped="0">
  <testcase classname="TestNg.OrangeHrm_1" name="openApp" time="9.890"/>
  <testcase classname="TestNg.OrangeHrm_1" name="logIn" time="3.301"/>
  <testcase classname="TestNg.OrangeHrm_1" name="logOut" time="1.021"/>
  <testcase classname="TestNg.OrangeHrm_1" name="close" time="0.206"/>
</testsuite> <!-- TestNg.OrangeHrm_1 -->
