<?xml version="1.0" encoding="UTF-8"?>
<!-- Generated by org.testng.reporters.JUnitReportReporter -->
<testsuite hostname="DESKTOP-2AMH4DH" failures="0" tests="3" name="TestNg_Day5.GroupingTest" time="15.097" errors="0" timestamp="2024-02-20T15:24:00 IST" skipped="0">
  <testcase classname="TestNg_Day5.GroupingTest" name="oragehrm" time="6.665"/>
  <testcase classname="TestNg_Day5.GroupingTest" name="amazon" time="2.296"/>
  <testcase classname="TestNg_Day5.GroupingTest" name="flipkart" time="6.136"/>
</testsuite> <!-- TestNg_Day5.GroupingTest -->
