<?xml version="1.0" encoding="UTF-8"?>
<!-- Generated by org.testng.reporters.JUnitReportReporter -->
<testsuite hostname="DESKTOP-2AMH4DH" failures="0" tests="4" name="TestNg_Day6.ParallelTest" time="17.986" errors="0" timestamp="2024-03-12T20:44:16 IST" skipped="0">
  <testcase classname="TestNg_Day6.ParallelTest" name="launch" time="5.406"/>
  <testcase classname="TestNg_Day6.ParallelTest" name="launch" time="4.352"/>
  <testcase classname="TestNg_Day6.ParallelTest" name="login" time="3.302"/>
  <testcase classname="TestNg_Day6.ParallelTest" name="login" time="4.926"/>
</testsuite> <!-- TestNg_Day6.ParallelTest -->
