<?xml version="1.0" encoding="UTF-8"?>
<!-- Generated by org.testng.reporters.JUnitReportReporter -->
<testsuite hostname="DESKTOP-2AMH4DH" failures="0" tests="2" name="TestNg_Day3.TaskonClass" time="7.490" errors="0" timestamp="2024-02-15T19:34:38 IST" skipped="0">
  <testcase classname="TestNg_Day3.TaskonClass" name="logout" time="4.178"/>
  <testcase classname="TestNg_Day3.TaskonClass" name="login" time="3.312"/>
</testsuite> <!-- TestNg_Day3.TaskonClass -->
