<?xml version="1.0" encoding="UTF-8"?>
<!-- Generated by org.testng.reporters.JUnitReportReporter -->
<testsuite hostname="DESKTOP-2AMH4DH" failures="0" tests="4" name="TestNg_Day5.GroupingTestng" time="0.022" errors="0" timestamp="2024-02-19T15:17:44 IST" skipped="0">
  <testcase classname="TestNg_Day5.GroupingTestng" name="addproduct" time="0.014"/>
  <testcase classname="TestNg_Day5.GroupingTestng" name="lanuch" time="0.003"/>
  <testcase classname="TestNg_Day5.GroupingTestng" name="search" time="0.003"/>
  <testcase classname="TestNg_Day5.GroupingTestng" name="login" time="0.002"/>
</testsuite> <!-- TestNg_Day5.GroupingTestng -->
