<?xml version="1.0" encoding="UTF-8"?>
<!-- Generated by org.testng.reporters.JUnitReportReporter -->
<testsuite hostname="DESKTOP-2AMH4DH" failures="0" tests="2" name="TestNg_Day3.Scenario3" time="0.013" errors="0" timestamp="2024-02-15T15:05:22 IST" skipped="0">
  <testcase classname="TestNg_Day3.Scenario3" name="search" time="0.008"/>
  <testcase classname="TestNg_Day3.Scenario3" name="addproduct" time="0.005"/>
</testsuite> <!-- TestNg_Day3.Scenario3 -->
