<?xml version="1.0" encoding="UTF-8"?>
<!-- Generated by org.testng.reporters.JUnitReportReporter -->
<testsuite hostname="DESKTOP-2AMH4DH" failures="0" tests="4" name="TestNg.OrangeHrm" time="14.301" errors="0" timestamp="2024-02-28T15:56:20 IST" skipped="0">
  <testcase classname="TestNg.OrangeHrm" name="openApp" time="9.634"/>
  <testcase classname="TestNg.OrangeHrm" name="logIn" time="3.256"/>
  <testcase classname="TestNg.OrangeHrm" name="logOut" time="1.231"/>
  <testcase classname="TestNg.OrangeHrm" name="close" time="0.180"/>
</testsuite> <!-- TestNg.OrangeHrm -->
