<?xml version="1.0" encoding="UTF-8"?>
<!-- Generated by org.testng.reporters.JUnitReportReporter -->
<testsuite hostname="DESKTOP-2AMH4DH" failures="0" tests="16" name="TestNg_Day6.SauceDemoTask" time="15.237" errors="0" timestamp="2024-02-23T14:32:07 IST" skipped="0">
  <testcase classname="TestNg_Day6.SauceDemoTask" name="launch" time="1.408"/>
  <testcase classname="TestNg_Day6.SauceDemoTask" name="launch" time="1.528"/>
  <testcase classname="TestNg_Day6.SauceDemoTask" name="login" time="1.179"/>
  <testcase classname="TestNg_Day6.SauceDemoTask" name="login" time="1.019"/>
  <testcase classname="TestNg_Day6.SauceDemoTask" name="selectPriceLowToHigh" time="3.834"/>
  <testcase classname="TestNg_Day6.SauceDemoTask" name="selectPriceLowToHigh" time="3.653"/>
  <testcase classname="TestNg_Day6.SauceDemoTask" name="addProductToCart" time="0.082"/>
  <testcase classname="TestNg_Day6.SauceDemoTask" name="addProductToCart" time="0.153"/>
  <testcase classname="TestNg_Day6.SauceDemoTask" name="goToShoppingCart" time="0.140"/>
  <testcase classname="TestNg_Day6.SauceDemoTask" name="goToShoppingCart" time="0.166"/>
  <testcase classname="TestNg_Day6.SauceDemoTask" name="continueCheckout" time="0.150"/>
  <testcase classname="TestNg_Day6.SauceDemoTask" name="continueCheckout" time="0.161"/>
  <testcase classname="TestNg_Day6.SauceDemoTask" name="enterInformationAndContinue" time="0.715"/>
  <testcase classname="TestNg_Day6.SauceDemoTask" name="enterInformationAndContinue" time="0.774"/>
  <testcase classname="TestNg_Day6.SauceDemoTask" name="clickOnFinish" time="0.141"/>
  <testcase classname="TestNg_Day6.SauceDemoTask" name="clickOnFinish" time="0.134"/>
</testsuite> <!-- TestNg_Day6.SauceDemoTask -->
