<?xml version="1.0" encoding="UTF-8"?>
<!-- Generated by org.testng.reporters.JUnitReportReporter -->
<testsuite hostname="DESKTOP-2AMH4DH" failures="0" tests="2" name="TestNg_Day5.Taskgrouping" time="16.106" errors="0" timestamp="2024-02-20T14:54:13 IST" skipped="0">
  <testcase classname="TestNg_Day5.Taskgrouping" name="smokegroup" time="9.729"/>
  <testcase classname="TestNg_Day5.Taskgrouping" name="smokeAndregression" time="6.377"/>
</testsuite> <!-- TestNg_Day5.Taskgrouping -->
