<?xml version="1.0" encoding="UTF-8"?>
<!-- Generated by org.testng.reporters.JUnitReportReporter -->
<testsuite hostname="DESKTOP-2AMH4DH" failures="0" tests="1" name="TestNg_Day4.NopCommerce" time="12.089" errors="0" timestamp="2024-02-15T15:19:42 IST" skipped="0">
  <testcase classname="TestNg_Day4.NopCommerce" name="login" time="12.089"/>
</testsuite> <!-- TestNg_Day4.NopCommerce -->
