<?xml version="1.0" encoding="UTF-8"?>
<!-- Generated by org.testng.reporters.JUnitReportReporter -->
<testsuite hostname="DESKTOP-2AMH4DH" failures="0" tests="1" name="TestNg_Day9.WriteExcel" time="1.373" errors="0" timestamp="2024-02-28T15:49:00 IST" skipped="0">
  <testcase classname="TestNg_Day9.WriteExcel" name="excelwrite" time="1.373"/>
</testsuite> <!-- TestNg_Day9.WriteExcel -->
