<?xml version="1.0" encoding="UTF-8"?>
<!-- Generated by org.testng.reporters.JUnitReportReporter -->
<testsuite hostname="DESKTOP-2AMH4DH" failures="0" tests="2" name="TestNg_Day3.Scenario4" time="0.018" errors="0" timestamp="2024-02-15T15:07:04 IST" skipped="0">
  <testcase classname="TestNg_Day3.Scenario4" name="test1" time="0.012"/>
  <testcase classname="TestNg_Day3.Scenario4" name="test2" time="0.006"/>
</testsuite> <!-- TestNg_Day3.Scenario4 -->
