<?xml version="1.0" encoding="UTF-8"?>
<!-- Generated by org.testng.reporters.JUnitReportReporter -->
<testsuite hostname="DESKTOP-2AMH4DH" failures="0" tests="1" name="TestNg_Day4.TestAssertion" time="0.024" errors="0" timestamp="2024-02-15T16:27:48 IST" skipped="0">
  <testcase classname="TestNg_Day4.TestAssertion" name="validation" time="0.024"/>
</testsuite> <!-- TestNg_Day4.TestAssertion -->
