<?xml version="1.0" encoding="UTF-8"?>
<!-- Generated by org.testng.reporters.JUnitReportReporter -->
<testsuite hostname="DESKTOP-2AMH4DH" failures="0" tests="2" name="TestNg_Day2.Scenario2" time="0.012" errors="0" timestamp="2024-02-15T14:40:38 IST" skipped="0">
  <testcase classname="TestNg_Day2.Scenario2" name="search" time="0.008"/>
  <testcase classname="TestNg_Day2.Scenario2" name="addproduct" time="0.004"/>
</testsuite> <!-- TestNg_Day2.Scenario2 -->
