<?xml version="1.0" encoding="UTF-8"?>
<!-- Generated by org.testng.reporters.JUnitReportReporter -->
<testsuite hostname="DESKTOP-2AMH4DH" failures="0" tests="1" name="TestNg_Day8.ReadExcel" time="1.100" errors="0" timestamp="2024-02-28T15:48:39 IST" skipped="0">
  <testcase classname="TestNg_Day8.ReadExcel" name="excelread" time="1.100"/>
</testsuite> <!-- TestNg_Day8.ReadExcel -->
