<?xml version="1.0" encoding="UTF-8"?>
<!-- Generated by org.testng.reporters.JUnitReportReporter -->
<testsuite hostname="DESKTOP-2AMH4DH" failures="0" tests="1" name="TestNg_Day4.Task_DemoBlaze" time="5.940" errors="0" timestamp="2024-02-16T10:25:00 IST" skipped="0">
  <testcase classname="TestNg_Day4.Task_DemoBlaze" name="login" time="5.940"/>
</testsuite> <!-- TestNg_Day4.Task_DemoBlaze -->
