<?xml version="1.0" encoding="UTF-8"?>
<!-- Generated by org.testng.reporters.JUnitReportReporter -->
<testsuite hostname="DESKTOP-2AMH4DH" failures="0" tests="2" name="TestNg_Day2.Scenario1" time="0.030" errors="0" timestamp="2024-02-15T14:39:31 IST" skipped="0">
  <testcase classname="TestNg_Day2.Scenario1" name="search" time="0.012"/>
  <testcase classname="TestNg_Day2.Scenario1" name="addProduct" time="0.018"/>
</testsuite> <!-- TestNg_Day2.Scenario1 -->
